Preparing data for igt_mod_group_hier_ev 
Preparing data for igt_mod_group_hier_ev 
Fitting model: igt_mod_group_hier_ev 

SAMPLING FOR MODEL 'igt_mod_group_hier_ev_fit' NOW (CHAIN 1).

SAMPLING FOR MODEL 'igt_mod_group_hier_ev_fit' NOW (CHAIN 
2SAMPLING).
 FOR MODEL 'igt_mod_group_hier_ev_fit' NOW (CHAIN 3).

SAMPLING FOR MODEL 'igt_mod_group_hier_ev_fit' NOW (CHAIN 4).
Chain 4: 
Chain 4: Gradient evaluation took 0.059733 seconds
Chain 4: 1000 transitions using 10 leapfrog steps per transition would take 597.33 seconds.
Chain 4: Adjust your expectations accordingly!
Chain 4: 
Chain 4: 
Chain 4: Iteration:     1 / 18000 [  0%]  (Warmup)
Chain 3: 
Chain 3: Gradient evaluation took 0.459759 seconds
Chain 3: 1000 transitions using 10 leapfrog steps per transition would take 4597.59 seconds.
Chain 3: Adjust your expectations accordingly!
Chain 3: 
Chain 3: Chain 2: 
Chain 2: Gradient evaluation took 0.308461 seconds
Chain 2: 1000 transitions using 10 leapfrog steps per transition would take 3084.61 seconds.
Chain 2: Adjust your expectations accordingly!
Chain 2: 
Chain 2: 
Chain 
1: 
Chain 1: Gradient evaluation took 0.180813 seconds
Chain 1: 1000 transitions using 10 leapfrog steps per transition would take 1808.13 seconds.
Chain 1: Adjust your expectations accordingly!
Chain 1: 
Chain 1: 
Chain 3: Iteration:     1 / 18000 [  0%]  (Warmup)
Chain 2: Iteration:     1 / 18000 [  0%]  (Warmup)
Chain 1: Iteration:     1 / 18000 [  0%]  (Warmup)
