Preparing data for igt_mod_group_hier_ev 
Preparing data for igt_mod_group_hier_ev 
Fitting model: igt_mod_group_hier_ev 

SAMPLING FOR MODEL 'igt_mod_group_hier_ev_fit' NOW (CHAIN 1).

SAMPLING FOR MODEL 'igt_mod_group_hier_ev_fit' NOW (CHAIN 2).

SAMPLING FOR MODEL 'igt_mod_group_hier_ev_fit' NOW (CHAIN 4).

SAMPLING FOR MODEL 'igt_mod_group_hier_ev_fit' NOW (CHAIN 3).
Chain 3: 
Chain 3: Gradient evaluation took 0.062307 seconds
Chain 3: 1000 transitions using 10 leapfrog steps per transition would take 623.07 seconds.
Chain 3: Adjust your expectations accordingly!
Chain 3: 
Chain 3: 
Chain 2: 
Chain 2: Gradient evaluation took 0.060448 seconds
Chain 2: 1000 transitions using 10 leapfrog steps per transition would take 604.48 seconds.
Chain 2: Adjust your expectations accordingly!
Chain 2: 
Chain 2: 
Chain 1: 
Chain 1: Gradient evaluation took 0.060774 seconds
Chain 1: 1000 transitions using 10 leapfrog steps per transition would take 607.74 seconds.
Chain 1: Adjust your expectations accordingly!
Chain 1: 
Chain 1: 
Chain 4: 
Chain 4: Gradient evaluation took 0.066423 seconds
Chain 4: 1000 transitions using 10 leapfrog steps per transition would take 664.23 seconds.
Chain 4: Adjust your expectations accordingly!
Chain 4: 
Chain 4: 
Chain 3: Iteration:    1 / 3000 [  0%]  (Warmup)
Chain 2: Iteration:    1 / 3000 [  0%]  (Warmup)
Chain 1: Iteration:    1 / 3000 [  0%]  (Warmup)
Chain 4: Iteration:    1 / 3000 [  0%]  (Warmup)
Chain 1: Iteration:  300 / 3000 [ 10%]  (Warmup)
Chain 4: Iteration:  300 / 3000 [ 10%]  (Warmup)
Chain 2: Iteration:  300 / 3000 [ 10%]  (Warmup)
Chain 3: Iteration:  300 / 3000 [ 10%]  (Warmup)
Chain 4: Iteration:  600 / 3000 [ 20%]  (Warmup)
Chain 1: Iteration:  600 / 3000 [ 20%]  (Warmup)
Chain 3: Iteration:  600 / 3000 [ 20%]  (Warmup)
Chain 2: Iteration:  600 / 3000 [ 20%]  (Warmup)
Chain 4: Iteration:  900 / 3000 [ 30%]  (Warmup)
Chain 1: Iteration:  900 / 3000 [ 30%]  (Warmup)
Chain 4: Iteration: 1001 / 3000 [ 33%]  (Sampling)
Chain 3: Iteration:  900 / 3000 [ 30%]  (Warmup)
Chain 2: Iteration:  900 / 3000 [ 30%]  (Warmup)
Chain 3: Iteration: 1001 / 3000 [ 33%]  (Sampling)
Chain 1: Iteration: 1001 / 3000 [ 33%]  (Sampling)
Chain 2: Iteration: 1001 / 3000 [ 33%]  (Sampling)
Chain 3: Iteration: 1300 / 3000 [ 43%]  (Sampling)
Chain 4: Iteration: 1300 / 3000 [ 43%]  (Sampling)
Chain 3: Iteration: 1600 / 3000 [ 53%]  (Sampling)
Chain 3: Iteration: 1900 / 3000 [ 63%]  (Sampling)
Chain 4: Iteration: 1600 / 3000 [ 53%]  (Sampling)
Chain 1: Iteration: 1300 / 3000 [ 43%]  (Sampling)
Chain 3: Iteration: 2200 / 3000 [ 73%]  (Sampling)
Chain 2: Iteration: 1300 / 3000 [ 43%]  (Sampling)
Chain 3: Iteration: 2500 / 3000 [ 83%]  (Sampling)
Chain 4: Iteration: 1900 / 3000 [ 63%]  (Sampling)
Chain 3: Iteration: 2800 / 3000 [ 93%]  (Sampling)
Chain 3: Iteration: 3000 / 3000 [100%]  (Sampling)
Chain 3: 
Chain 3:  Elapsed Time: 9908.85 seconds (Warm-up)
Chain 3:                9566.03 seconds (Sampling)
Chain 3:                19474.9 seconds (Total)
Chain 3: 
Chain 4: Iteration: 2200 / 3000 [ 73%]  (Sampling)
Chain 1: Iteration: 1600 / 3000 [ 53%]  (Sampling)
Chain 4: Iteration: 2500 / 3000 [ 83%]  (Sampling)
Chain 2: Iteration: 1600 / 3000 [ 53%]  (Sampling)
Chain 4: Iteration: 2800 / 3000 [ 93%]  (Sampling)
Chain 1: Iteration: 1900 / 3000 [ 63%]  (Sampling)
Chain 4: Iteration: 3000 / 3000 [100%]  (Sampling)
Chain 4: 
Chain 4:  Elapsed Time: 9327.88 seconds (Warm-up)
Chain 4:                17445.9 seconds (Sampling)
Chain 4:                26773.8 seconds (Total)
Chain 4: 
Chain 2: Iteration: 1900 / 3000 [ 63%]  (Sampling)
Chain 1: Iteration: 2200 / 3000 [ 73%]  (Sampling)
Chain 2: Iteration: 2200 / 3000 [ 73%]  (Sampling)
Chain 1: Iteration: 2500 / 3000 [ 83%]  (Sampling)
Chain 2: Iteration: 2500 / 3000 [ 83%]  (Sampling)
Chain 1: Iteration: 2800 / 3000 [ 93%]  (Sampling)
Chain 2: Iteration: 2800 / 3000 [ 93%]  (Sampling)
Chain 1: Iteration: 3000 / 3000 [100%]  (Sampling)
Chain 1: 
Chain 1:  Elapsed Time: 9976.69 seconds (Warm-up)
Chain 1:                36055.3 seconds (Sampling)
Chain 1:                46032 seconds (Total)
Chain 1: 
Chain 2: Iteration: 3000 / 3000 [100%]  (Sampling)
Chain 2: 
Chain 2:  Elapsed Time: 10744.7 seconds (Warm-up)
Chain 2:                38171.4 seconds (Sampling)
Chain 2:                48916.1 seconds (Total)
Chain 2: 
Checkpoint saved at iteration 3000 
