Preparing data for igt_mod_group_hier_new_pvl_ddm 
Preparing data for igt_mod_group_hier_new_pvl_ddm 
Fitting model: igt_mod_group_hier_new_pvl_ddm 

SAMPLING FOR MODEL 'igt_mod_group_hier_new_pvl_ddm_fit' NOW (CHAIN 1).

SAMPLING FOR MODEL 'igt_mod_group_hier_new_pvl_ddm_fit' NOW (CHAIN 2).

SAMPLING FOR MODEL 'igt_mod_group_hier_new_pvl_ddm_fit' NOW (CHAIN 3).

SAMPLING FOR MODEL 'igt_mod_group_hier_new_pvl_ddm_fit' NOW (CHAIN 4).
Chain 4: Rejecting initial value:
Chain 4:   Log probability evaluates to log(0), i.e. negative infinity.
Chain 4:   Stan can't start sampling from this initial value.
Chain 1: Rejecting initial value:
Chain 1:   Log probability evaluates to log(0), i.e. negative infinity.
Chain 1:   Stan can't start sampling from this initial value.
Chain 1: Rejecting initial value:
Chain 1:   Log probability evaluates to log(0), i.e. negative infinity.
Chain 1:   Stan can't start sampling from this initial value.
Chain 1: Rejecting initial value:
Chain 1:   Log probability evaluates to log(0), i.e. negative infinity.
Chain 1:   Stan can't start sampling from this initial value.
Chain 3: Rejecting initial value:
Chain 3:   Log probability evaluates to log(0), i.e. negative infinity.
Chain 3:   Stan can't start sampling from this initial value.
Chain 3: Rejecting initial value:
Chain 3:   Log probability evaluates to log(0), i.e. negative infinity.
Chain 3:   Stan can't start sampling from this initial value.
Chain 3: Rejecting initial value:
Chain 3:   Log probability evaluates to log(0), i.e. negative infinity.
Chain 3:   Stan can't start sampling from this initial value.
Chain 4: 
Chain 4: Gradient evaluation took 0.54038 seconds
Chain 4: 1000 transitions using 10 leapfrog steps per transition would take 5403.8 seconds.
Chain 4: Adjust your expectations accordingly!
Chain 4: 
Chain 4: 
Chain 2: 
Chain 2: Gradient evaluation took 0.623761 seconds
Chain 2: 1000 transitions using 10 leapfrog steps per transition would take 6237.61 seconds.
Chain 2: Adjust your expectations accordingly!
Chain 2: 
Chain 2: 
Chain 1: 
Chain 1: Gradient evaluation took 0.591508 seconds
Chain 1: 1000 transitions using 10 leapfrog steps per transition would take 5915.08 seconds.
Chain 1: Adjust your expectations accordingly!
Chain 1: 
Chain 1: 
Chain 3: 
Chain 3: Gradient evaluation took 0.676453 seconds
Chain 3: 1000 transitions using 10 leapfrog steps per transition would take 6764.53 seconds.
Chain 3: Adjust your expectations accordingly!
Chain 3: 
Chain 3: 
Chain 3: Iteration:    1 / 3000 [  0%]  (Warmup)
Chain 2: Iteration:    1 / 3000 [  0%]  (Warmup)
Chain 4: Iteration:    1 / 3000 [  0%]  (Warmup)
Chain 1: Iteration:    1 / 3000 [  0%]  (Warmup)
