Preparing data for igt_mod_group_hier_new_pvl 
Preparing data for igt_mod_group_hier_new_pvl 
Fitting model: igt_mod_group_hier_new_pvl 

SAMPLING FOR MODEL 'igt_mod_group_hier_new_pvl_fit' NOW (CHAIN 1).

SAMPLING FOR MODEL 'igt_mod_group_hier_new_pvl_fit' NOW (CHAIN 2).

SAMPLING FOR MODEL 'igt_mod_group_hier_new_pvl_fit' NOW (CHAIN 3).

SAMPLING FOR MODEL 'igt_mod_group_hier_new_pvl_fit' NOW (CHAIN 4).
Chain 2: 
Chain 2: Gradient evaluation took 0.176745 seconds
Chain 2: 1000 transitions using 10 leapfrog steps per transition would take 1767.45 seconds.
Chain 2: Adjust your expectations accordingly!
Chain 2: 
Chain 2: 
Chain 4: 
Chain 4: Gradient evaluation took 0.184927 seconds
Chain 4: 1000 transitions using 10 leapfrog steps per transition would take 1849.27 seconds.
Chain 4: Adjust your expectations accordingly!
Chain 4: 
Chain 4: 
Chain 3: 
Chain 3: Gradient evaluation took 0.184935 seconds
Chain 3: 1000 transitions using 10 leapfrog steps per transition would take 1849.35 seconds.
Chain 3: Adjust your expectations accordingly!
Chain 3: 
Chain 3: 
Chain 1: 
Chain 1: Gradient evaluation took 0.18972 seconds
Chain 1: 1000 transitions using 10 leapfrog steps per transition would take 1897.2 seconds.
Chain 1: Adjust your expectations accordingly!
Chain 1: 
Chain 1: 
Chain 4: Iteration:    1 / 3000 [  0%]  (Warmup)
Chain 2: Iteration:    1 / 3000 [  0%]  (Warmup)
Chain 3: Iteration:    1 / 3000 [  0%]  (Warmup)
Chain 1: Iteration:    1 / 3000 [  0%]  (Warmup)
Chain 1: Iteration:  300 / 3000 [ 10%]  (Warmup)
Chain 2: Iteration:  300 / 3000 [ 10%]  (Warmup)
Chain 4: Iteration:  300 / 3000 [ 10%]  (Warmup)
Chain 3: Iteration:  300 / 3000 [ 10%]  (Warmup)
Chain 1: Iteration:  600 / 3000 [ 20%]  (Warmup)
Chain 2: Iteration:  600 / 3000 [ 20%]  (Warmup)
Chain 4: Iteration:  600 / 3000 [ 20%]  (Warmup)
Chain 1: Iteration:  900 / 3000 [ 30%]  (Warmup)
Chain 3: Iteration:  600 / 3000 [ 20%]  (Warmup)
Chain 1: Iteration: 1001 / 3000 [ 33%]  (Sampling)
Chain 2: Iteration:  900 / 3000 [ 30%]  (Warmup)
Chain 2: Iteration: 1001 / 3000 [ 33%]  (Sampling)
Chain 4: Iteration:  900 / 3000 [ 30%]  (Warmup)
Chain 1: Iteration: 1300 / 3000 [ 43%]  (Sampling)
Chain 3: Iteration:  900 / 3000 [ 30%]  (Warmup)
Chain 4: Iteration: 1001 / 3000 [ 33%]  (Sampling)
Chain 2: Iteration: 1300 / 3000 [ 43%]  (Sampling)
Chain 3: Iteration: 1001 / 3000 [ 33%]  (Sampling)
Chain 1: Iteration: 1600 / 3000 [ 53%]  (Sampling)
Chain 4: Iteration: 1300 / 3000 [ 43%]  (Sampling)
Chain 1: Iteration: 1900 / 3000 [ 63%]  (Sampling)
Chain 2: Iteration: 1600 / 3000 [ 53%]  (Sampling)
Chain 3: Iteration: 1300 / 3000 [ 43%]  (Sampling)
Chain 4: Iteration: 1600 / 3000 [ 53%]  (Sampling)
Chain 1: Iteration: 2200 / 3000 [ 73%]  (Sampling)
Chain 2: Iteration: 1900 / 3000 [ 63%]  (Sampling)
Chain 3: Iteration: 1600 / 3000 [ 53%]  (Sampling)
Chain 1: Iteration: 2500 / 3000 [ 83%]  (Sampling)
Chain 4: Iteration: 1900 / 3000 [ 63%]  (Sampling)
Chain 2: Iteration: 2200 / 3000 [ 73%]  (Sampling)
Chain 1: Iteration: 2800 / 3000 [ 93%]  (Sampling)
Chain 3: Iteration: 1900 / 3000 [ 63%]  (Sampling)
Chain 4: Iteration: 2200 / 3000 [ 73%]  (Sampling)
Chain 1: Iteration: 3000 / 3000 [100%]  (Sampling)
Chain 1: 
Chain 1:  Elapsed Time: 35872 seconds (Warm-up)
Chain 1:                34551.4 seconds (Sampling)
Chain 1:                70423.4 seconds (Total)
Chain 1: 
Chain 2: Iteration: 2500 / 3000 [ 83%]  (Sampling)
Chain 3: Iteration: 2200 / 3000 [ 73%]  (Sampling)
Chain 4: Iteration: 2500 / 3000 [ 83%]  (Sampling)
