Preparing data for igt_mod_group_hier_ev_ddm 
Preparing data for igt_mod_group_hier_ev_ddm 
Fitting model: igt_mod_group_hier_ev_ddm 

SAMPLING FOR MODEL 'igt_mod_group_hier_ev_ddm_fit' NOW (CHAIN 1).

SAMPLING FOR MODEL 'igt_mod_group_hier_ev_ddm_fit' NOW (CHAIN 2).

SAMPLING FOR MODEL 'igt_mod_group_hier_ev_ddm_fit' NOW (CHAIN 3).

SAMPLING FOR MODEL 'igt_mod_group_hier_ev_ddm_fit' NOW (CHAIN 4).
Chain 4: 
Chain 4: Gradient evaluation took 1.68346 seconds
Chain 4: 1000 transitions using 10 leapfrog steps per transition would take 16834.6 seconds.
Chain 4: Adjust your expectations accordingly!
Chain 4: 
Chain 4: 
Chain 3: 
Chain 3: Gradient evaluation took 1.32375 seconds
Chain 3: 1000 transitions using 10 leapfrog steps per transition would take 13237.5 seconds.
Chain 3: Adjust your expectations accordingly!
Chain 3: 
Chain 3: 
Chain 2: 
Chain 2: Gradient evaluation took 1.63071 seconds
Chain 2: 1000 transitions using 10 leapfrog steps per transition would take 16307.1 seconds.
Chain 2: Adjust your expectations accordingly!
Chain 2: 
Chain 2: 
Chain 1: 
Chain 1: Gradient evaluation took 1.49897 seconds
Chain 1: 1000 transitions using 10 leapfrog steps per transition would take 14989.7 seconds.
Chain 1: Adjust your expectations accordingly!
Chain 1: 
Chain 1: 
Chain 2: Iteration:     1 / 18000 [  0%]  (Warmup)
Chain 3: Iteration:     1 / 18000 [  0%]  (Warmup)
Chain 4: Iteration:     1 / 18000 [  0%]  (Warmup)
Chain 1: Iteration:     1 / 18000 [  0%]  (Warmup)
