Preparing data for igt_mod_group_hier_new_pvl 
Preparing data for igt_mod_group_hier_new_pvl 
Fitting model: igt_mod_group_hier_new_pvl 

SAMPLING FOR MODEL 'igt_mod_group_hier_new_pvl_fit' NOW (CHAIN 1).

SAMPLING FOR MODEL 'igt_mod_group_hier_new_pvl_fit' NOW (CHAIN 2).

SAMPLING FOR MODEL 'igt_mod_group_hier_new_pvl_fit' NOW (CHAIN 4).

SAMPLING FOR MODEL 'igt_mod_group_hier_new_pvl_fit' NOW (CHAIN 3).
Chain 4: 
Chain 4: Gradient evaluation took 0.179765 seconds
Chain 4: 1000 transitions using 10 leapfrog steps per transition would take 1797.65 seconds.
Chain 4: Adjust your expectations accordingly!
Chain 4: 
Chain 4: 
Chain 1: 
Chain 1: Gradient evaluation took 0.185237 seconds
Chain 1: 1000 transitions using 10 leapfrog steps per transition would take 1852.37 seconds.
Chain 1: Adjust your expectations accordingly!
Chain 1: 
Chain 1: 
Chain 2: 
Chain 2: Gradient evaluation took 0.181883 seconds
Chain 2: 1000 transitions using 10 leapfrog steps per transition would take 1818.83 seconds.
Chain 2: Adjust your expectations accordingly!
Chain 2: 
Chain 2: 
Chain 3: 
Chain 3: Gradient evaluation took 0.192617 seconds
Chain 3: 1000 transitions using 10 leapfrog steps per transition would take 1926.17 seconds.
Chain 3: Adjust your expectations accordingly!
Chain 3: 
Chain 3: 
Chain 4: Iteration:     1 / 18000 [  0%]  (Warmup)
Chain 1: Iteration:     1 / 18000 [  0%]  (Warmup)
Chain 2: Iteration:     1 / 18000 [  0%]  (Warmup)
Chain 3: Iteration:     1 / 18000 [  0%]  (Warmup)
