Preparing data for igt_mod_group_hier_ev_ddm 
Preparing data for igt_mod_group_hier_ev_ddm 
Fitting model: igt_mod_group_hier_ev_ddm 
Running MCMC with 4 parallel chains...

Chain 3 Iteration:    1 / 1001 [  0%]  (Warmup) 
Chain 1 Iteration:    1 / 1001 [  0%]  (Warmup) 
Chain 4 Iteration:    1 / 1001 [  0%]  (Warmup) 
Chain 2 Iteration:    1 / 1001 [  0%]  (Warmup) 
Chain 4 Iteration:  101 / 1001 [ 10%]  (Warmup) 
Chain 2 Iteration:  101 / 1001 [ 10%]  (Warmup) 
Chain 1 Iteration:  101 / 1001 [ 10%]  (Warmup) 
Chain 3 Iteration:  101 / 1001 [ 10%]  (Warmup) 
Chain 3 Iteration:  202 / 1001 [ 20%]  (Warmup) 
Chain 3 Iteration:  303 / 1001 [ 30%]  (Warmup) 
Chain 3 Iteration:  404 / 1001 [ 40%]  (Warmup) 
Chain 3 Iteration:  505 / 1001 [ 50%]  (Warmup) 
Chain 3 Iteration:  606 / 1001 [ 60%]  (Warmup) 
Chain 3 Iteration:  707 / 1001 [ 70%]  (Warmup) 
Chain 1 Iteration:  202 / 1001 [ 20%]  (Warmup) 
Chain 4 Iteration:  202 / 1001 [ 20%]  (Warmup) 
Chain 3 Iteration:  808 / 1001 [ 80%]  (Warmup) 
Chain 3 Iteration:  909 / 1001 [ 90%]  (Warmup) 
Chain 2 Iteration:  202 / 1001 [ 20%]  (Warmup) 
Chain 3 Iteration: 1001 / 1001 [100%]  (Sampling) 
Chain 3 finished in 155975.0 seconds.
Chain 1 Iteration:  303 / 1001 [ 30%]  (Warmup) 
Chain 1 Iteration:  404 / 1001 [ 40%]  (Warmup) 
Chain 1 Iteration:  505 / 1001 [ 50%]  (Warmup) 
Chain 1 Iteration:  606 / 1001 [ 60%]  (Warmup) 
Chain 1 Iteration:  707 / 1001 [ 70%]  (Warmup) 
Chain 4 Iteration:  303 / 1001 [ 30%]  (Warmup) 
Chain 1 Iteration:  808 / 1001 [ 80%]  (Warmup) 
Chain 4 Iteration:  404 / 1001 [ 40%]  (Warmup) 
Chain 2 Iteration:  303 / 1001 [ 30%]  (Warmup) 
Chain 1 Iteration:  909 / 1001 [ 90%]  (Warmup) 
Chain 4 Iteration:  505 / 1001 [ 50%]  (Warmup) 
Chain 2 Iteration:  404 / 1001 [ 40%]  (Warmup) 
Chain 1 Iteration: 1001 / 1001 [100%]  (Sampling) 
Chain 1 finished in 218991.0 seconds.
Chain 2 Iteration:  505 / 1001 [ 50%]  (Warmup) 
Chain 4 Iteration:  606 / 1001 [ 60%]  (Warmup) 
Chain 2 Iteration:  606 / 1001 [ 60%]  (Warmup) 
Chain 4 Iteration:  707 / 1001 [ 70%]  (Warmup) 
Chain 2 Iteration:  707 / 1001 [ 70%]  (Warmup) 
Chain 4 Iteration:  808 / 1001 [ 80%]  (Warmup) 
Chain 2 Iteration:  808 / 1001 [ 80%]  (Warmup) 
Chain 4 Iteration:  909 / 1001 [ 90%]  (Warmup) 
Chain 2 Iteration:  909 / 1001 [ 90%]  (Warmup) 
Chain 4 Iteration: 1001 / 1001 [100%]  (Sampling) 
Chain 4 finished in 250592.0 seconds.
Chain 2 Iteration: 1001 / 1001 [100%]  (Sampling) 
Chain 2 finished in 253086.0 seconds.

All 4 chains finished successfully.
Mean chain execution time: 219661.0 seconds.
Total execution time: 253100.2 seconds.

Checkpoint saved at iteration 1001 
Running MCMC with 4 parallel chains...

Chain 2 Iteration:   1 / 1000 [  0%]  (Sampling) 
Chain 1 Iteration:   1 / 1000 [  0%]  (Sampling) 
Chain 3 Iteration:   1 / 1000 [  0%]  (Sampling) 
Chain 4 Iteration:   1 / 1000 [  0%]  (Sampling) 
Chain 2 Iteration: 100 / 1000 [ 10%]  (Sampling) 
Chain 1 Iteration: 100 / 1000 [ 10%]  (Sampling) 
Chain 3 Iteration: 100 / 1000 [ 10%]  (Sampling) 
Chain 4 Iteration: 100 / 1000 [ 10%]  (Sampling) 
Chain 2 Iteration: 200 / 1000 [ 20%]  (Sampling) 
Chain 3 Iteration: 200 / 1000 [ 20%]  (Sampling) 
Chain 4 Iteration: 200 / 1000 [ 20%]  (Sampling) 
Chain 1 Iteration: 200 / 1000 [ 20%]  (Sampling) 
Chain 2 Iteration: 300 / 1000 [ 30%]  (Sampling) 
Chain 4 Iteration: 300 / 1000 [ 30%]  (Sampling) 
Chain 3 Iteration: 300 / 1000 [ 30%]  (Sampling) 
Chain 1 Iteration: 300 / 1000 [ 30%]  (Sampling) 
Chain 2 Iteration: 400 / 1000 [ 40%]  (Sampling) 
Chain 4 Iteration: 400 / 1000 [ 40%]  (Sampling) 
Chain 3 Iteration: 400 / 1000 [ 40%]  (Sampling) 
Chain 1 Iteration: 400 / 1000 [ 40%]  (Sampling) 
Chain 2 Iteration: 500 / 1000 [ 50%]  (Sampling) 
Chain 4 Iteration: 500 / 1000 [ 50%]  (Sampling) 
Chain 1 Iteration: 500 / 1000 [ 50%]  (Sampling) 
Chain 3 Iteration: 500 / 1000 [ 50%]  (Sampling) 
Chain 2 Iteration: 600 / 1000 [ 60%]  (Sampling) 
Chain 4 Iteration: 600 / 1000 [ 60%]  (Sampling) 
Chain 1 Iteration: 600 / 1000 [ 60%]  (Sampling) 
Chain 3 Iteration: 600 / 1000 [ 60%]  (Sampling) 
Chain 2 Iteration: 700 / 1000 [ 70%]  (Sampling) 
Chain 4 Iteration: 700 / 1000 [ 70%]  (Sampling) 
Chain 3 Iteration: 700 / 1000 [ 70%]  (Sampling) 
Chain 1 Iteration: 700 / 1000 [ 70%]  (Sampling) 
