Preparing data for igt_mod_group_hier_ev_ddm 
Preparing data for igt_mod_group_hier_ev_ddm 
Fitting model: igt_mod_group_hier_ev_ddm 
Running MCMC with 4 parallel chains...

Chain 3 Iteration:    1 / 1001 [  0%]  (Warmup) 
Chain 1 Iteration:    1 / 1001 [  0%]  (Warmup) 
Chain 4 Iteration:    1 / 1001 [  0%]  (Warmup) 
Chain 2 Iteration:    1 / 1001 [  0%]  (Warmup) 
Chain 4 Iteration:  101 / 1001 [ 10%]  (Warmup) 
Chain 3 Iteration:  101 / 1001 [ 10%]  (Warmup) 
Chain 2 Iteration:  101 / 1001 [ 10%]  (Warmup) 
Chain 1 Iteration:  101 / 1001 [ 10%]  (Warmup) 
Chain 3 Iteration:  202 / 1001 [ 20%]  (Warmup) 
Chain 3 Iteration:  303 / 1001 [ 30%]  (Warmup) 
Chain 3 Iteration:  404 / 1001 [ 40%]  (Warmup) 
Chain 3 Iteration:  505 / 1001 [ 50%]  (Warmup) 
Chain 3 Iteration:  606 / 1001 [ 60%]  (Warmup) 
Chain 3 Iteration:  707 / 1001 [ 70%]  (Warmup) 
Chain 3 Iteration:  808 / 1001 [ 80%]  (Warmup) 
Chain 1 Iteration:  202 / 1001 [ 20%]  (Warmup) 
Chain 4 Iteration:  202 / 1001 [ 20%]  (Warmup) 
Chain 3 Iteration:  909 / 1001 [ 90%]  (Warmup) 
Chain 3 Iteration: 1001 / 1001 [100%]  (Sampling) 
Chain 3 finished in 148323.0 seconds.
Chain 2 Iteration:  202 / 1001 [ 20%]  (Warmup) 
Chain 1 Iteration:  303 / 1001 [ 30%]  (Warmup) 
Chain 1 Iteration:  404 / 1001 [ 40%]  (Warmup) 
Chain 1 Iteration:  505 / 1001 [ 50%]  (Warmup) 
Chain 1 Iteration:  606 / 1001 [ 60%]  (Warmup) 
Chain 4 Iteration:  303 / 1001 [ 30%]  (Warmup) 
Chain 1 Iteration:  707 / 1001 [ 70%]  (Warmup) 
