Preparing data for igt_mod_group_hier_ev 
Preparing data for igt_mod_group_hier_ev 
Fitting model: igt_mod_group_hier_ev 

SAMPLING FOR MODEL 'igt_mod_group_hier_ev_fit' NOW (CHAIN 2).

SAMPLING FOR MODEL 'igt_mod_group_hier_ev_fit' NOW (CHAIN 1).

SAMPLING FOR MODEL 'igt_mod_group_hier_ev_fit' NOW (CHAIN 4).

SAMPLING FOR MODEL 'igt_mod_group_hier_ev_fit' NOW (CHAIN 3).
Chain 2: 
Chain 2: Gradient evaluation took 0.129084 seconds
Chain 2: 1000 transitions using 10 leapfrog steps per transition would take 1290.84 seconds.
Chain 2: Adjust your expectations accordingly!
Chain 2: 
Chain 2: 
Chain 3: 
Chain 3: Gradient evaluation took 0.12205 seconds
Chain 3: 1000 transitions using 10 leapfrog steps per transition would take 1220.5 seconds.
Chain 3: Adjust your expectations accordingly!
Chain 3: 
Chain 3: 
Chain 1: 
Chain 1: Gradient evaluation took 0.141846 seconds
Chain 1: 1000 transitions using 10 leapfrog steps per transition would take 1418.46 seconds.
Chain 1: Adjust your expectations accordingly!
Chain 1: 
Chain 1: 
Chain 4: 
Chain 4: Gradient evaluation took 0.143457 seconds
Chain 4: 1000 transitions using 10 leapfrog steps per transition would take 1434.57 seconds.
Chain 4: Adjust your expectations accordingly!
Chain 4: 
Chain 4: 
Chain 3: Iteration:    1 / 1001 [  0%]  (Warmup)
Chain 2: Iteration:    1 / 1001 [  0%]  (Warmup)
Chain 4: Iteration:    1 / 1001 [  0%]  (Warmup)
Chain 1: Iteration:    1 / 1001 [  0%]  (Warmup)
