Preparing data for igt_mod_group_hier_ev 
Preparing data for igt_mod_group_hier_ev 
Fitting model: igt_mod_group_hier_ev 

SAMPLING FOR MODEL 'igt_mod_group_hier_ev_fit' NOW (CHAIN 1).

SAMPLING FOR MODEL 'igt_mod_group_hier_ev_fit' NOW (CHAIN 2).

SAMPLING FOR MODEL 'igt_mod_group_hier_ev_fit' NOW (CHAIN 3).

SAMPLING FOR MODEL 'igt_mod_group_hier_ev_fit' NOW (CHAIN 4).
Chain 1: 
Chain 1: Gradient evaluation took 0.073917 seconds
Chain 1: 1000 transitions using 10 leapfrog steps per transition would take 739.17 seconds.
Chain 1: Adjust your expectations accordingly!
Chain 1: 
Chain 1: 
Chain 2: 
Chain 2: Gradient evaluation took 0.072918 seconds
Chain 2: 1000 transitions using 10 leapfrog steps per transition would take 729.18 seconds.
Chain 2: Adjust your expectations accordingly!
Chain 2: 
Chain 2: 
Chain 3: 
Chain 3: Gradient evaluation took 0.136495 seconds
Chain 3: 1000 transitions using 10 leapfrog steps per transition would take 1364.95 seconds.
Chain 3: Adjust your expectations accordingly!
Chain 3: 
Chain 3: 
Chain 4: 
Chain 4: Gradient evaluation took 0.138599 seconds
Chain 4: 1000 transitions using 10 leapfrog steps per transition would take 1385.99 seconds.
Chain 4: Adjust your expectations accordingly!
Chain 4: 
Chain 4: 
Chain 2: Iteration:    1 / 1001 [  0%]  (Warmup)
Chain 1: Iteration:    1 / 1001 [  0%]  (Warmup)
Chain 3: Iteration:    1 / 1001 [  0%]  (Warmup)
Chain 4: Iteration:    1 / 1001 [  0%]  (Warmup)
