Preparing data for igt_mod_group_hier_new_pvl 
Preparing data for igt_mod_group_hier_new_pvl 
Fitting model: igt_mod_group_hier_new_pvl 

SAMPLING FOR MODEL 'igt_mod_group_hier_new_pvl_fit' NOW (CHAIN 1).

SAMPLING FOR MODEL 'igt_mod_group_hier_new_pvl_fit' NOW (CHAIN 2).

SAMPLING FOR MODEL 'igt_mod_group_hier_new_pvl_fit' NOW (CHAIN 3).

SAMPLING FOR MODEL 'igt_mod_group_hier_new_pvl_fit' NOW (CHAIN 4).
Chain 2: 
Chain 2: Gradient evaluation took 0.213342 seconds
Chain 2: 1000 transitions using 10 leapfrog steps per transition would take 2133.42 seconds.
Chain 2: Adjust your expectations accordingly!
Chain 2: 
Chain 2: 
Chain 3: 
Chain 3: Gradient evaluation took 0.215098 seconds
Chain 3: 1000 transitions using 10 leapfrog steps per transition would take 2150.98 seconds.
Chain 3: Adjust your expectations accordingly!
Chain 3: 
Chain 3: 
Chain 4: 
Chain 4: Gradient evaluation took 0.221075 seconds
Chain 4: 1000 transitions using 10 leapfrog steps per transition would take 2210.75 seconds.
Chain 4: Adjust your expectations accordingly!
Chain 4: 
Chain 4: 
Chain 1: 
Chain 1: Gradient evaluation took 0.233389 seconds
Chain 1: 1000 transitions using 10 leapfrog steps per transition would take 2333.89 seconds.
Chain 1: Adjust your expectations accordingly!
Chain 1: 
Chain 1: 
Chain 4: Iteration:    1 / 1001 [  0%]  (Warmup)
Chain 2: Iteration:    1 / 1001 [  0%]  (Warmup)
Chain 3: Iteration:    1 / 1001 [  0%]  (Warmup)
Chain 1: Iteration:    1 / 1001 [  0%]  (Warmup)
