Simulation completed. Data saved to /users/7/fpichard/Projects/modeling_mIGT/Data/rds/sim 
   subject_id         trial            block       deck_shown   
 Min.   :  1.00   Min.   :  1.00   Min.   :1.0   Min.   :1.000  
 1st Qu.: 50.75   1st Qu.: 30.75   1st Qu.:2.0   1st Qu.:2.000  
 Median :100.50   Median : 60.50   Median :3.5   Median :3.000  
 Mean   :100.50   Mean   : 60.50   Mean   :3.5   Mean   :2.502  
 3rd Qu.:150.25   3rd Qu.: 90.25   3rd Qu.:5.0   3rd Qu.:4.000  
 Max.   :200.00   Max.   :120.00   Max.   :6.0   Max.   :4.000  
     choice            gain             loss           net_outcome       
 Min.   :0.0000   Min.   :  0.00   Min.   :-1150.00   Min.   :-1150.000  
 1st Qu.:0.0000   1st Qu.:  0.00   1st Qu.:    0.00   1st Qu.:    0.000  
 Median :0.0000   Median :  0.00   Median :    0.00   Median :    0.000  
 Mean   :0.4113   Mean   : 22.13   Mean   :  -23.67   Mean   :   -1.544  
 3rd Qu.:1.0000   3rd Qu.: 50.00   3rd Qu.:    0.00   3rd Qu.:   50.000  
 Max.   :1.0000   Max.   :100.00   Max.   :    0.00   Max.   :  100.000  
      ev_A              ev_B               ev_C                 ev_D         
 Min.   :-639.55   Min.   :-2265.18   Min.   :-112.25000   Min.   :-270.000  
 1st Qu.: -91.14   1st Qu.: -120.38   1st Qu.:  -6.35800   1st Qu.: -24.000  
 Median : -23.72   Median :    5.08   Median :  -0.02838   Median :   3.459  
 Mean   : -46.55   Mean   : -105.30   Mean   :   0.25576   Mean   : -13.242  
 3rd Qu.:   0.00   3rd Qu.:   22.22   3rd Qu.:   5.58000   3rd Qu.:  12.766  
 Max.   : 439.51   Max.   : 1524.48   Max.   : 103.50000   Max.   : 285.000  
 is_training    
 Mode :logical  
 FALSE:20000    
 TRUE :4000     
                
                
                
   subject_id          con              update          wgt_pun      
 Min.   :  1.00   Min.   :-2.0000   Min.   :0.0100   Min.   :0.0000  
 1st Qu.: 50.75   1st Qu.:-1.2525   1st Qu.:0.2500   1st Qu.:0.2600  
 Median :100.50   Median : 0.3500   Median :0.5100   Median :0.5150  
 Mean   :100.50   Mean   : 0.1036   Mean   :0.5258   Mean   :0.5323  
 3rd Qu.:150.25   3rd Qu.: 1.3900   3rd Qu.:0.7900   3rd Qu.:0.8100  
 Max.   :200.00   Max.   : 1.9800   Max.   :1.0000   Max.   :1.0000  
    wgt_rew      
 Min.   :0.0100  
 1st Qu.:0.2575  
 Median :0.4200  
 Mean   :0.4746  
 3rd Qu.:0.7100  
 Max.   :1.0000  
Running MCMC with 2 parallel chains...

Chain 2 Iteration:    1 / 5500 [  0%]  (Warmup) 
Chain 1 Iteration:    1 / 5500 [  0%]  (Warmup) 
Chain 1 Iteration:  100 / 5500 [  1%]  (Warmup) 
Chain 2 Iteration:  100 / 5500 [  1%]  (Warmup) 
Chain 2 Iteration:  200 / 5500 [  3%]  (Warmup) 
Chain 1 Iteration:  200 / 5500 [  3%]  (Warmup) 
Chain 2 Iteration:  300 / 5500 [  5%]  (Warmup) 
Chain 2 Iteration:  400 / 5500 [  7%]  (Warmup) 
Chain 2 Iteration:  500 / 5500 [  9%]  (Warmup) 
Chain 2 Iteration:  501 / 5500 [  9%]  (Sampling) 
Chain 2 Iteration:  600 / 5500 [ 10%]  (Sampling) 
Chain 2 Iteration:  700 / 5500 [ 12%]  (Sampling) 
Chain 2 Iteration:  800 / 5500 [ 14%]  (Sampling) 
Chain 1 Iteration:  300 / 5500 [  5%]  (Warmup) 
Chain 2 Iteration:  900 / 5500 [ 16%]  (Sampling) 
Chain 2 Iteration: 1000 / 5500 [ 18%]  (Sampling) 
Chain 2 Iteration: 1100 / 5500 [ 20%]  (Sampling) 
Chain 2 Iteration: 1200 / 5500 [ 21%]  (Sampling) 
Chain 2 Iteration: 1300 / 5500 [ 23%]  (Sampling) 
Chain 2 Iteration: 1400 / 5500 [ 25%]  (Sampling) 
Chain 2 Iteration: 1500 / 5500 [ 27%]  (Sampling) 
Chain 2 Iteration: 1600 / 5500 [ 29%]  (Sampling) 
Chain 1 Iteration:  400 / 5500 [  7%]  (Warmup) 
Chain 2 Iteration: 1700 / 5500 [ 30%]  (Sampling) 
Chain 2 Iteration: 1800 / 5500 [ 32%]  (Sampling) 
Chain 2 Iteration: 1900 / 5500 [ 34%]  (Sampling) 
Chain 2 Iteration: 2000 / 5500 [ 36%]  (Sampling) 
Chain 2 Iteration: 2100 / 5500 [ 38%]  (Sampling) 
Chain 2 Iteration: 2200 / 5500 [ 40%]  (Sampling) 
Chain 2 Iteration: 2300 / 5500 [ 41%]  (Sampling) 
Chain 2 Iteration: 2400 / 5500 [ 43%]  (Sampling) 
Chain 1 Iteration:  500 / 5500 [  9%]  (Warmup) 
Chain 1 Iteration:  501 / 5500 [  9%]  (Sampling) 
Chain 2 Iteration: 2500 / 5500 [ 45%]  (Sampling) 
Chain 2 Iteration: 2600 / 5500 [ 47%]  (Sampling) 
Chain 2 Iteration: 2700 / 5500 [ 49%]  (Sampling) 
Chain 2 Iteration: 2800 / 5500 [ 50%]  (Sampling) 
Chain 2 Iteration: 2900 / 5500 [ 52%]  (Sampling) 
Chain 2 Iteration: 3000 / 5500 [ 54%]  (Sampling) 
Chain 2 Iteration: 3100 / 5500 [ 56%]  (Sampling) 
Chain 2 Iteration: 3200 / 5500 [ 58%]  (Sampling) 
Chain 1 Iteration:  600 / 5500 [ 10%]  (Sampling) 
Chain 2 Iteration: 3300 / 5500 [ 60%]  (Sampling) 
Chain 2 Iteration: 3400 / 5500 [ 61%]  (Sampling) 
Chain 2 Iteration: 3500 / 5500 [ 63%]  (Sampling) 
Chain 2 Iteration: 3600 / 5500 [ 65%]  (Sampling) 
Chain 2 Iteration: 3700 / 5500 [ 67%]  (Sampling) 
Chain 2 Iteration: 3800 / 5500 [ 69%]  (Sampling) 
Chain 2 Iteration: 3900 / 5500 [ 70%]  (Sampling) 
Chain 1 Iteration:  700 / 5500 [ 12%]  (Sampling) 
Chain 2 Iteration: 4000 / 5500 [ 72%]  (Sampling) 
Chain 2 Iteration: 4100 / 5500 [ 74%]  (Sampling) 
Chain 2 Iteration: 4200 / 5500 [ 76%]  (Sampling) 
Chain 2 Iteration: 4300 / 5500 [ 78%]  (Sampling) 
Chain 2 Iteration: 4400 / 5500 [ 80%]  (Sampling) 
Chain 2 Iteration: 4500 / 5500 [ 81%]  (Sampling) 
Chain 2 Iteration: 4600 / 5500 [ 83%]  (Sampling) 
Chain 2 Iteration: 4700 / 5500 [ 85%]  (Sampling) 
Chain 1 Iteration:  800 / 5500 [ 14%]  (Sampling) 
Chain 2 Iteration: 4800 / 5500 [ 87%]  (Sampling) 
Chain 2 Iteration: 4900 / 5500 [ 89%]  (Sampling) 
Chain 2 Iteration: 5000 / 5500 [ 90%]  (Sampling) 
Chain 2 Iteration: 5100 / 5500 [ 92%]  (Sampling) 
Chain 2 Iteration: 5200 / 5500 [ 94%]  (Sampling) 
Chain 2 Iteration: 5300 / 5500 [ 96%]  (Sampling) 
Chain 2 Iteration: 5400 / 5500 [ 98%]  (Sampling) 
Chain 2 Iteration: 5500 / 5500 [100%]  (Sampling) 
Chain 2 finished in 14832.0 seconds.
Chain 1 Iteration:  900 / 5500 [ 16%]  (Sampling) 
Chain 1 Iteration: 1000 / 5500 [ 18%]  (Sampling) 
Chain 1 Iteration: 1100 / 5500 [ 20%]  (Sampling) 
Chain 1 Iteration: 1200 / 5500 [ 21%]  (Sampling) 
Chain 1 Iteration: 1300 / 5500 [ 23%]  (Sampling) 
Chain 1 Iteration: 1400 / 5500 [ 25%]  (Sampling) 
Chain 1 Iteration: 1500 / 5500 [ 27%]  (Sampling) 
Chain 1 Iteration: 1600 / 5500 [ 29%]  (Sampling) 
Chain 1 Iteration: 1700 / 5500 [ 30%]  (Sampling) 
Chain 1 Iteration: 1800 / 5500 [ 32%]  (Sampling) 
Chain 1 Iteration: 1900 / 5500 [ 34%]  (Sampling) 
Chain 1 Iteration: 2000 / 5500 [ 36%]  (Sampling) 
Chain 1 Iteration: 2100 / 5500 [ 38%]  (Sampling) 
Chain 1 Iteration: 2200 / 5500 [ 40%]  (Sampling) 
Chain 1 Iteration: 2300 / 5500 [ 41%]  (Sampling) 
Chain 1 Iteration: 2400 / 5500 [ 43%]  (Sampling) 
Chain 1 Iteration: 2500 / 5500 [ 45%]  (Sampling) 
Chain 1 Iteration: 2600 / 5500 [ 47%]  (Sampling) 
Chain 1 Iteration: 2700 / 5500 [ 49%]  (Sampling) 
Chain 1 Iteration: 2800 / 5500 [ 50%]  (Sampling) 
Chain 1 Iteration: 2900 / 5500 [ 52%]  (Sampling) 
Chain 1 Iteration: 3000 / 5500 [ 54%]  (Sampling) 
Chain 1 Iteration: 3100 / 5500 [ 56%]  (Sampling) 
Chain 1 Iteration: 3200 / 5500 [ 58%]  (Sampling) 
Chain 1 Iteration: 3300 / 5500 [ 60%]  (Sampling) 
Chain 1 Iteration: 3400 / 5500 [ 61%]  (Sampling) 
Chain 1 Iteration: 3500 / 5500 [ 63%]  (Sampling) 
Chain 1 Iteration: 3600 / 5500 [ 65%]  (Sampling) 
Chain 1 Iteration: 3700 / 5500 [ 67%]  (Sampling) 
Chain 1 Iteration: 3800 / 5500 [ 69%]  (Sampling) 
Chain 1 Iteration: 3900 / 5500 [ 70%]  (Sampling) 
Chain 1 Iteration: 4000 / 5500 [ 72%]  (Sampling) 
Chain 1 Iteration: 4100 / 5500 [ 74%]  (Sampling) 
Chain 1 Iteration: 4200 / 5500 [ 76%]  (Sampling) 
Chain 1 Iteration: 4300 / 5500 [ 78%]  (Sampling) 
Chain 1 Iteration: 4400 / 5500 [ 80%]  (Sampling) 
Chain 1 Iteration: 4500 / 5500 [ 81%]  (Sampling) 
Chain 1 Iteration: 4600 / 5500 [ 83%]  (Sampling) 
Chain 1 Iteration: 4700 / 5500 [ 85%]  (Sampling) 
Chain 1 Iteration: 4800 / 5500 [ 87%]  (Sampling) 
Chain 1 Iteration: 4900 / 5500 [ 89%]  (Sampling) 
Chain 1 Iteration: 5000 / 5500 [ 90%]  (Sampling) 
Chain 1 Iteration: 5100 / 5500 [ 92%]  (Sampling) 
Chain 1 Iteration: 5200 / 5500 [ 94%]  (Sampling) 
Chain 1 Iteration: 5300 / 5500 [ 96%]  (Sampling) 
Chain 1 Iteration: 5400 / 5500 [ 98%]  (Sampling) 
Chain 1 Iteration: 5500 / 5500 [100%]  (Sampling) 
Chain 1 finished in 94983.3 seconds.

Both chains finished successfully.
Mean chain execution time: 54907.7 seconds.
Total execution time: 94983.5 seconds.


Summary of extracted individual parameters:

    con  update wgt_pun wgt_rew 
    400     400     400     400 
Group-level recovery metrics:
# A tibble: 1 × 5
  correlation  rmse   mae  bias relative_bias
        <dbl> <dbl> <dbl> <dbl>         <dbl>
1      -0.982 0.971 0.775 0.115          3.65

Individual-level recovery metrics:
# A tibble: 1 × 5
  correlation  rmse   mae   bias relative_bias
        <dbl> <dbl> <dbl>  <dbl>         <dbl>
1       0.763 0.574 0.459 -0.179           Inf
Parameter recovery analysis completed for 200 subjects.
