Warning messages:
1: In read.spss(file.path(SAFE_DATA_DIR, "AHRB.P1W1_v11_AW_v2.sav"),  :
  Undeclared level(s) 0.5, 1.5, 2.5 added in variable: employment_parernal_mean
2: In read.spss(file.path(SAFE_DATA_DIR, "AHRB.P1W1_v11_AW_v2.sav"),  :
  Undeclared level(s) 1.5, 2.5, 3.5, 4.5, 5.5 added in variable: parent_edu6
Chain 1 Rejecting initial value:
Chain 1   Log probability evaluates to log(0), i.e. negative infinity.
Chain 1   Stan can't start sampling from this initial value.
Chain 2 Rejecting initial value:
Chain 2   Log probability evaluates to log(0), i.e. negative infinity.
Chain 2   Stan can't start sampling from this initial value.
Chain 3 Rejecting initial value:
Chain 3   Log probability evaluates to log(0), i.e. negative infinity.
Chain 3   Stan can't start sampling from this initial value.
Chain 3 Rejecting initial value:
Chain 3   Log probability evaluates to log(0), i.e. negative infinity.
Chain 3   Stan can't start sampling from this initial value.
Chain 3 Rejecting initial value:
Chain 3   Log probability evaluates to log(0), i.e. negative infinity.
Chain 3   Stan can't start sampling from this initial value.
Error in cat("R-hat values are acceptable. \nMax R-hat/1.1 =", round(max_rhat/1.1,  : 
  argument is missing, with no default
Calls: check_model_diagnostics -> cat
In addition: Warning message:
E-BFMI not computed because it is undefined for posterior chains of length less than 3. 
Execution halted
