Starting initial hierarchical model fit...
Loaded subject IDs from file: /users/7/fpichard/Projects/modeling_mIGT/Data/txt/subs/subject_ids.txt 
Fitting model: igt_mod_group_hier_ev_ddm 
Running MCMC with 4 parallel chains...

Chain 1 Iteration:   1 / 351 [  0%]  (Warmup) 
Chain 4 Iteration:   1 / 351 [  0%]  (Warmup) 
Chain 3 Iteration:   1 / 351 [  0%]  (Warmup) 
Chain 2 Iteration:   1 / 351 [  0%]  (Warmup) 
Chain 1 Iteration:  36 / 351 [ 10%]  (Warmup) 
Chain 3 Iteration:  36 / 351 [ 10%]  (Warmup) 
Chain 4 Iteration:  36 / 351 [ 10%]  (Warmup) 
Chain 2 Iteration:  36 / 351 [ 10%]  (Warmup) 
Chain 2 Iteration:  72 / 351 [ 20%]  (Warmup) 
Chain 1 Iteration:  72 / 351 [ 20%]  (Warmup) 
Chain 4 Iteration:  72 / 351 [ 20%]  (Warmup) 
Chain 3 Iteration:  72 / 351 [ 20%]  (Warmup) 
Chain 2 Iteration: 108 / 351 [ 30%]  (Warmup) 
Chain 1 Iteration: 108 / 351 [ 30%]  (Warmup) 
Chain 4 Iteration: 108 / 351 [ 30%]  (Warmup) 
Chain 1 Iteration: 144 / 351 [ 41%]  (Warmup) 
Chain 2 Iteration: 144 / 351 [ 41%]  (Warmup) 
Chain 3 Iteration: 108 / 351 [ 30%]  (Warmup) 
Chain 1 Iteration: 180 / 351 [ 51%]  (Warmup) 
Chain 1 Iteration: 216 / 351 [ 61%]  (Warmup) 
Chain 2 Iteration: 180 / 351 [ 51%]  (Warmup) 
Chain 4 Iteration: 144 / 351 [ 41%]  (Warmup) 
Chain 1 Iteration: 252 / 351 [ 71%]  (Warmup) 
Chain 1 Iteration: 288 / 351 [ 82%]  (Warmup) 
Chain 1 Iteration: 324 / 351 [ 92%]  (Warmup) 
Chain 4 Iteration: 180 / 351 [ 51%]  (Warmup) 
Chain 2 Iteration: 216 / 351 [ 61%]  (Warmup) 
Chain 1 Iteration: 351 / 351 [100%]  (Sampling) 
Chain 1 finished in 7044.6 seconds.
Chain 4 Iteration: 216 / 351 [ 61%]  (Warmup) 
Chain 4 Iteration: 252 / 351 [ 71%]  (Warmup) 
Chain 4 Iteration: 288 / 351 [ 82%]  (Warmup) 
Chain 4 Iteration: 324 / 351 [ 92%]  (Warmup) 
Chain 4 Iteration: 351 / 351 [100%]  (Sampling) 
Chain 4 finished in 7813.6 seconds.
Chain 2 Iteration: 252 / 351 [ 71%]  (Warmup) 
Chain 2 Iteration: 288 / 351 [ 82%]  (Warmup) 
Chain 3 Iteration: 144 / 351 [ 41%]  (Warmup) 
Chain 2 Iteration: 324 / 351 [ 92%]  (Warmup) 
Chain 3 Iteration: 180 / 351 [ 51%]  (Warmup) 
Chain 3 Iteration: 216 / 351 [ 61%]  (Warmup) 
Chain 3 Iteration: 252 / 351 [ 71%]  (Warmup) 
Chain 3 Iteration: 288 / 351 [ 82%]  (Warmup) 
Chain 3 Iteration: 324 / 351 [ 92%]  (Warmup) 
Chain 3 Iteration: 351 / 351 [100%]  (Sampling) 
Chain 3 finished in 11770.0 seconds.
Chain 2 Iteration: 351 / 351 [100%]  (Sampling) 
Chain 2 finished in 11908.9 seconds.

All 4 chains finished successfully.
Mean chain execution time: 9634.3 seconds.
Total execution time: 11911.3 seconds.

Checkpoint saved at iteration 351 
Running MCMC with 4 parallel chains...

Chain 1 Iteration:   1 / 350 [  0%]  (Sampling) 
Chain 3 Iteration:   1 / 350 [  0%]  (Sampling) 
Chain 2 Iteration:   1 / 350 [  0%]  (Sampling) 
Chain 4 Iteration:   1 / 350 [  0%]  (Sampling) 
Chain 4 Iteration:  35 / 350 [ 10%]  (Sampling) 
Chain 3 Iteration:  35 / 350 [ 10%]  (Sampling) 
Chain 1 Iteration:  35 / 350 [ 10%]  (Sampling) 
Chain 4 Iteration:  70 / 350 [ 20%]  (Sampling) 
Chain 4 Iteration: 105 / 350 [ 30%]  (Sampling) 
Chain 3 Iteration:  70 / 350 [ 20%]  (Sampling) 
Chain 1 Iteration:  70 / 350 [ 20%]  (Sampling) 
Chain 4 Iteration: 140 / 350 [ 40%]  (Sampling) 
Chain 4 Iteration: 175 / 350 [ 50%]  (Sampling) 
Chain 3 Iteration: 105 / 350 [ 30%]  (Sampling) 
Chain 1 Iteration: 105 / 350 [ 30%]  (Sampling) 
Chain 4 Iteration: 210 / 350 [ 60%]  (Sampling) 
Chain 4 Iteration: 245 / 350 [ 70%]  (Sampling) 
Chain 3 Iteration: 140 / 350 [ 40%]  (Sampling) 
Chain 1 Iteration: 140 / 350 [ 40%]  (Sampling) 
Chain 4 Iteration: 280 / 350 [ 80%]  (Sampling) 
Chain 4 Iteration: 315 / 350 [ 90%]  (Sampling) 
Chain 3 Iteration: 175 / 350 [ 50%]  (Sampling) 
Chain 1 Iteration: 175 / 350 [ 50%]  (Sampling) 
Chain 4 Iteration: 350 / 350 [100%]  (Sampling) 
Chain 4 finished in 1346.3 seconds.
Chain 3 Iteration: 210 / 350 [ 60%]  (Sampling) 
Chain 1 Iteration: 210 / 350 [ 60%]  (Sampling) 
Chain 3 Iteration: 245 / 350 [ 70%]  (Sampling) 
Chain 1 Iteration: 245 / 350 [ 70%]  (Sampling) 
Chain 2 Iteration:  35 / 350 [ 10%]  (Sampling) 
Chain 3 Iteration: 280 / 350 [ 80%]  (Sampling) 
Chain 1 Iteration: 280 / 350 [ 80%]  (Sampling) 
Chain 3 Iteration: 315 / 350 [ 90%]  (Sampling) 
Chain 1 Iteration: 315 / 350 [ 90%]  (Sampling) 
Chain 3 Iteration: 350 / 350 [100%]  (Sampling) 
Chain 3 finished in 2650.8 seconds.
Chain 1 Iteration: 350 / 350 [100%]  (Sampling) 
Chain 1 finished in 2681.5 seconds.
Chain 2 Iteration:  70 / 350 [ 20%]  (Sampling) 
Chain 2 Iteration: 105 / 350 [ 30%]  (Sampling) 
Chain 2 Iteration: 140 / 350 [ 40%]  (Sampling) 
Chain 2 Iteration: 175 / 350 [ 50%]  (Sampling) 
