Mplus VERSION 8.8 (Mac)
MUTHEN & MUTHEN
09/17/2024   9:00 PM

INPUT INSTRUCTIONS

  TITLE: EFA with clustering for grpid
  DATA:
  FILE =
  "/Users/icd/Library/CloudStorage/Dropbox/Projects/modeling_mIGT/Data/ahrb_fu-1_desc-ext.da
  VARIABLE:
  NAMES = sid grpid
  	race_ethnicity male age grade10 parent_edu4
  	bisb bsss8 bsss_es bsss_bs bsss_ts bsss_sd
  	social attnprob maggr anx mconduct;
  MISSING=.;

  USEVARIABLES ARE bisb bsss8 bsss_es bsss_bs bsss_ts bsss_sd
                   attnprob maggr mconduct;

  CLUSTER IS grpid;

  ANALYSIS:
  TYPE = COMPLEX EFA 1 3;
  ROTATION = GEOMIN;
  ESTIMATOR = MLR;
  ITERATIONS = 50000;
  CONVERGENCE = 0.00005;

  OUTPUT:
  STDYX;
  MODINDICES;



*** WARNING
  Input line exceeded 90 characters. Some input may be truncated.
  "/Users/icd/Library/CloudStorage/Dropbox/Projects/modeling_mIGT/Data/ahrb_fu-1_desc-ext.dat
*** WARNING in DATA command
  Statement not terminated by a semicolon:
  FILE = "/Users/icd/Library/CloudStorage/Dropbox/Projects/modeling_mIGT/Data/ahrb_fu-1_desc-ext.dat
*** WARNING in DATA command
  Mismatched quotation in FILE option.  A quotation mark will be assumed at
  the end of the line.
*** WARNING in OUTPUT command
  STANDARDIZED (STD, STDY, STDYX) options are not available for TYPE=EFA.
  Request for STANDARDIZED options will be ignored.  Note that STANDARDIZED options
  are available with the use of EFA factors (ESEM) declared in the MODEL command.
   4 WARNING(S) FOUND IN THE INPUT INSTRUCTIONS



EFA with clustering for grpid

SUMMARY OF ANALYSIS

Number of groups                                                 1
Number of observations                                         274

Number of dependent variables                                    9
Number of independent variables                                  0
Number of continuous latent variables                            0

Observed dependent variables

  Continuous
   BISB        BSSS8       BSSS_ES     BSSS_BS     BSSS_TS     BSSS_SD
   ATTNPROB    MAGGR       MCONDUCT

Variables with special functions

  Cluster variable      GRPID

Estimator                                                      MLR
Rotation                                                    GEOMIN
Row standardization                                    CORRELATION
Type of rotation                                           OBLIQUE
Epsilon value                                               Varies
Information matrix                                        OBSERVED
Maximum number of iterations                                 50000
Convergence criterion                                    0.500D-04
Maximum number of steepest descent iterations                   20
Maximum number of iterations for H1                           2000
Convergence criterion for H1                             0.100D-03
Optimization Specifications for the Exploratory Factor Analysis
Rotation Algorithm
  Number of random starts                                       30
  Maximum number of iterations                               10000
  Derivative convergence criterion                       0.100D-04

Input data file(s)
  /Users/icd/Library/CloudStorage/Dropbox/Projects/modeling_mIGT/Data/ahrb_fu-1_

Input data format  FREE


SUMMARY OF DATA

     Number of missing data patterns             1
     Number of clusters                         76



COVARIANCE COVERAGE OF DATA

Minimum covariance coverage value   0.100


     PROPORTION OF DATA PRESENT


           Covariance Coverage
              BISB          BSSS8         BSSS_ES       BSSS_BS       BSSS_TS
              ________      ________      ________      ________      ________
 BISB           1.000
 BSSS8          1.000         1.000
 BSSS_ES        1.000         1.000         1.000
 BSSS_BS        1.000         1.000         1.000         1.000
 BSSS_TS        1.000         1.000         1.000         1.000         1.000
 BSSS_SD        1.000         1.000         1.000         1.000         1.000
 ATTNPROB       1.000         1.000         1.000         1.000         1.000
 MAGGR          1.000         1.000         1.000         1.000         1.000
 MCONDUCT       1.000         1.000         1.000         1.000         1.000


           Covariance Coverage
              BSSS_SD       ATTNPROB      MAGGR         MCONDUCT
              ________      ________      ________      ________
 BSSS_SD        1.000
 ATTNPROB       1.000         1.000
 MAGGR          1.000         1.000         1.000
 MCONDUCT       1.000         1.000         1.000         1.000



UNIVARIATE SAMPLE STATISTICS


     UNIVARIATE HIGHER-ORDER MOMENT DESCRIPTIVE STATISTICS

         Variable/         Mean/     Skewness/   Minimum/ % with                Percentiles
        Sample Size      Variance    Kurtosis    Maximum  Min/Max      20%/60%    40%/80%    Median

     BISB                  0.000       0.579      -1.968    1.09%      -0.940     -0.425     -0.168
             274.000       0.996      -0.096       3.433    0.36%       0.089      0.861
     BSSS8                 0.000      -0.126      -2.903    0.36%      -0.844     -0.329      0.014
             274.000       0.996       0.000       2.588    0.36%       0.357      0.872
     BSSS_ES               0.000      -0.458      -2.359    3.65%      -0.915     -0.434      0.047
             274.000       0.996      -0.480       1.491   10.58%       0.529      1.010
     BSSS_BS               0.000      -0.196      -2.801    1.09%      -0.914     -0.285     -0.285
             274.000       0.996      -0.148       2.232    1.82%       0.344      0.973
     BSSS_TS               0.000      -0.591      -2.313    5.84%      -0.962      0.075      0.075
             274.000       0.996      -0.215       1.719    2.55%       0.528      0.949
     BSSS_SD               0.000      -0.197      -1.991    6.57%      -0.687     -0.161     -0.161
             274.000       0.996      -0.717       1.902    2.92%       0.314      0.752
     ATTNPROB              0.000       0.526      -1.472    6.20%      -0.874     -0.575      0.023
             274.000       0.996      -0.389       2.713    1.09%       0.322      0.920
     MAGGR                 0.000      -0.188      -1.941    9.85%      -0.959     -0.240      0.023
             274.000       0.996      -0.368       2.768    0.36%       0.254      0.836
     MCONDUCT              0.000      -0.103      -1.962    8.76%      -0.864     -0.222     -0.222
             274.000       0.996      -0.376       2.430    0.73%       0.234      0.876


SUMMARY OF MODEL FIT INFORMATION


                   Number of                   Degrees of
     Model        Parameters      Chi-Square    Freedom     P-Value

     1-factor          27            510.840        27       0.0000
     2-factor          35             94.114        19       0.0000
     3-factor          42             31.386        12       0.0017

                                               Degrees of
     Models Compared              Chi-Square    Freedom     P-Value

     1-factor against 2-factor       450.142         8       0.0000
     2-factor against 3-factor        61.946         7       0.0000



RESULTS FOR EXPLORATORY FACTOR ANALYSIS


           EIGENVALUES FOR SAMPLE CORRELATION MATRIX
                  1             2             3             4             5
              ________      ________      ________      ________      ________
                4.179         1.737         0.814         0.617         0.597


           EIGENVALUES FOR SAMPLE CORRELATION MATRIX
                  6             7             8             9
              ________      ________      ________      ________
                0.448         0.311         0.294         0.003


EXPLORATORY FACTOR ANALYSIS WITH 1 FACTOR(S):


MODEL FIT INFORMATION

Number of Free Parameters                       27

Loglikelihood

          H0 Value                       -2630.910
          H0 Scaling Correction Factor      1.0915
            for MLR
          H1 Value                       -2366.354
          H1 Scaling Correction Factor      1.0636
            for MLR

Information Criteria

          Akaike (AIC)                    5315.819
          Bayesian (BIC)                  5413.374
          Sample-Size Adjusted BIC        5327.763
            (n* = (n + 2) / 24)

Chi-Square Test of Model Fit

          Value                            510.840*
          Degrees of Freedom                    27
          P-Value                           0.0000
          Scaling Correction Factor         1.0358
            for MLR

*   The chi-square value for MLM, MLMV, MLR, ULSMV, WLSM and WLSMV cannot be used
    for chi-square difference testing in the regular way.  MLM, MLR and WLSM
    chi-square difference testing is described on the Mplus website.  MLMV, WLSMV,
    and ULSMV difference testing is done using the DIFFTEST option.

RMSEA (Root Mean Square Error Of Approximation)

          Estimate                           0.256
          90 Percent C.I.                    0.237  0.275
          Probability RMSEA <= .05           0.000

CFI/TLI

          CFI                                0.752
          TLI                                0.669

Chi-Square Test of Model Fit for the Baseline Model

          Value                           1984.147
          Degrees of Freedom                    36
          P-Value                           0.0000

SRMR (Standardized Root Mean Square Residual)

          Value                              0.242



MINIMUM ROTATION FUNCTION VALUE       3.04775



           GEOMIN ROTATED LOADINGS (* significant at 5% level)
                  1
              ________
 BISB           0.032
 BSSS8          1.150*
 BSSS_ES        0.684*
 BSSS_BS        0.608*
 BSSS_TS        0.659*
 BSSS_SD        0.669*
 ATTNPROB       0.021
 MAGGR         -0.024
 MCONDUCT       0.060*


           GEOMIN FACTOR CORRELATIONS (* significant at 5% level)
                  1
              ________
      1         1.000


           ESTIMATED RESIDUAL VARIANCES
              BISB          BSSS8         BSSS_ES       BSSS_BS       BSSS_TS
              ________      ________      ________      ________      ________
                0.999        -0.322         0.533         0.631         0.565


           ESTIMATED RESIDUAL VARIANCES
              BSSS_SD       ATTNPROB      MAGGR         MCONDUCT
              ________      ________      ________      ________
                0.553         1.000         0.999         0.996


           S.E. GEOMIN ROTATED LOADINGS
                  1
              ________
 BISB           0.020
 BSSS8          0.021
 BSSS_ES        0.027
 BSSS_BS        0.029
 BSSS_TS        0.031
 BSSS_SD        0.029
 ATTNPROB       0.018
 MAGGR          0.016
 MCONDUCT       0.019


           S.E. GEOMIN FACTOR CORRELATIONS
                  1
              ________
      1         0.000


           S.E. ESTIMATED RESIDUAL VARIANCES
              BISB          BSSS8         BSSS_ES       BSSS_BS       BSSS_TS
              ________      ________      ________      ________      ________
                0.001         0.049         0.037         0.036         0.041


           S.E. ESTIMATED RESIDUAL VARIANCES
              BSSS_SD       ATTNPROB      MAGGR         MCONDUCT
              ________      ________      ________      ________
                0.039         0.001         0.001         0.002


           Est./S.E. GEOMIN ROTATED LOADINGS
                  1
              ________
 BISB           1.619
 BSSS8         53.838
 BSSS_ES       25.244
 BSSS_BS       20.753
 BSSS_TS       21.400
 BSSS_SD       23.114
 ATTNPROB       1.175
 MAGGR         -1.541
 MCONDUCT       3.197


           Est./S.E. GEOMIN FACTOR CORRELATIONS
                  1
              ________
      1         0.000


           Est./S.E. ESTIMATED RESIDUAL VARIANCES
              BISB          BSSS8         BSSS_ES       BSSS_BS       BSSS_TS
              ________      ________      ________      ________      ________
              781.522        -6.563        14.389        17.730        13.903


           Est./S.E. ESTIMATED RESIDUAL VARIANCES
              BSSS_SD       ATTNPROB      MAGGR         MCONDUCT
              ________      ________      ________      ________
               14.277      1353.058      1288.227       439.687


EXPLORATORY FACTOR ANALYSIS WITH 2 FACTOR(S):


MODEL FIT INFORMATION

Number of Free Parameters                       35

Loglikelihood

          H0 Value                       -2416.765
          H0 Scaling Correction Factor      1.0595
            for MLR
          H1 Value                       -2366.354
          H1 Scaling Correction Factor      1.0636
            for MLR

Information Criteria

          Akaike (AIC)                    4903.529
          Bayesian (BIC)                  5029.989
          Sample-Size Adjusted BIC        4919.011
            (n* = (n + 2) / 24)

Chi-Square Test of Model Fit

          Value                             94.114*
          Degrees of Freedom                    19
          P-Value                           0.0000
          Scaling Correction Factor         1.0713
            for MLR

*   The chi-square value for MLM, MLMV, MLR, ULSMV, WLSM and WLSMV cannot be used
    for chi-square difference testing in the regular way.  MLM, MLR and WLSM
    chi-square difference testing is described on the Mplus website.  MLMV, WLSMV,
    and ULSMV difference testing is done using the DIFFTEST option.

RMSEA (Root Mean Square Error Of Approximation)

          Estimate                           0.120
          90 Percent C.I.                    0.097  0.145
          Probability RMSEA <= .05           0.000

CFI/TLI

          CFI                                0.961
          TLI                                0.927

Chi-Square Test of Model Fit for the Baseline Model

          Value                           1984.147
          Degrees of Freedom                    36
          P-Value                           0.0000

SRMR (Standardized Root Mean Square Residual)

          Value                              0.051



MINIMUM ROTATION FUNCTION VALUE       0.29448



           GEOMIN ROTATED LOADINGS (* significant at 5% level)
                  1             2
              ________      ________
 BISB           0.005         0.659*
 BSSS8          1.168*       -0.005
 BSSS_ES        0.634*        0.098*
 BSSS_BS        0.548*        0.137*
 BSSS_TS        0.638*       -0.012
 BSSS_SD        0.604*        0.148*
 ATTNPROB       0.000         0.707*
 MAGGR         -0.021*        0.796*
 MCONDUCT       0.010         0.785*


           GEOMIN FACTOR CORRELATIONS (* significant at 5% level)
                  1             2
              ________      ________
      1         1.000
      2         0.390*        1.000


           ESTIMATED RESIDUAL VARIANCES
              BISB          BSSS8         BSSS_ES       BSSS_BS       BSSS_TS
              ________      ________      ________      ________      ________
                0.563        -0.359         0.540         0.622         0.598


           ESTIMATED RESIDUAL VARIANCES
              BSSS_SD       ATTNPROB      MAGGR         MCONDUCT
              ________      ________      ________      ________
                0.545         0.500         0.379         0.378


           S.E. GEOMIN ROTATED LOADINGS
                  1             2
              ________      ________
 BISB           0.010         0.048
 BSSS8          0.023         0.006
 BSSS_ES        0.033         0.048
 BSSS_BS        0.030         0.045
 BSSS_TS        0.035         0.046
 BSSS_SD        0.036         0.054
 ATTNPROB       0.007         0.047
 MAGGR          0.008         0.033
 MCONDUCT       0.008         0.040


           S.E. GEOMIN FACTOR CORRELATIONS
                  1             2
              ________      ________
      1         0.000
      2         0.057         0.000


           S.E. ESTIMATED RESIDUAL VARIANCES
              BISB          BSSS8         BSSS_ES       BSSS_BS       BSSS_TS
              ________      ________      ________      ________      ________
                0.062         0.054         0.036         0.038         0.040


           S.E. ESTIMATED RESIDUAL VARIANCES
              BSSS_SD       ATTNPROB      MAGGR         MCONDUCT
              ________      ________      ________      ________
                0.038         0.065         0.052         0.060


           Est./S.E. GEOMIN ROTATED LOADINGS
                  1             2
              ________      ________
 BISB           0.531        13.707
 BSSS8         50.846        -0.952
 BSSS_ES       19.411         2.046
 BSSS_BS       18.397         3.042
 BSSS_TS       18.083        -0.254
 BSSS_SD       16.733         2.712
 ATTNPROB      -0.010        15.172
 MAGGR         -2.520        24.211
 MCONDUCT       1.190        19.727


           Est./S.E. GEOMIN FACTOR CORRELATIONS
                  1             2
              ________      ________
      1         0.000
      2         6.787         0.000


           Est./S.E. ESTIMATED RESIDUAL VARIANCES
              BISB          BSSS8         BSSS_ES       BSSS_BS       BSSS_TS
              ________      ________      ________      ________      ________
                9.029        -6.688        15.012        16.542        14.934


           Est./S.E. ESTIMATED RESIDUAL VARIANCES
              BSSS_SD       ATTNPROB      MAGGR         MCONDUCT
              ________      ________      ________      ________
               14.168         7.679         7.317         6.250


           FACTOR STRUCTURE
                  1             2
              ________      ________
 BISB           0.262         0.661
 BSSS8          1.166         0.449
 BSSS_ES        0.672         0.345
 BSSS_BS        0.602         0.351
 BSSS_TS        0.634         0.237
 BSSS_SD        0.661         0.383
 ATTNPROB       0.275         0.707
 MAGGR          0.289         0.788
 MCONDUCT       0.315         0.789


EXPLORATORY FACTOR ANALYSIS WITH 3 FACTOR(S):


MODEL FIT INFORMATION

Number of Free Parameters                       42

Loglikelihood

          H0 Value                       -2382.989
          H0 Scaling Correction Factor      1.0647
            for MLR
          H1 Value                       -2366.354
          H1 Scaling Correction Factor      1.0636
            for MLR

Information Criteria

          Akaike (AIC)                    4849.979
          Bayesian (BIC)                  5001.730
          Sample-Size Adjusted BIC        4868.557
            (n* = (n + 2) / 24)

Chi-Square Test of Model Fit

          Value                             31.386*
          Degrees of Freedom                    12
          P-Value                           0.0017
          Scaling Correction Factor         1.0601
            for MLR

*   The chi-square value for MLM, MLMV, MLR, ULSMV, WLSM and WLSMV cannot be used
    for chi-square difference testing in the regular way.  MLM, MLR and WLSM
    chi-square difference testing is described on the Mplus website.  MLMV, WLSMV,
    and ULSMV difference testing is done using the DIFFTEST option.

RMSEA (Root Mean Square Error Of Approximation)

          Estimate                           0.077
          90 Percent C.I.                    0.044  0.110
          Probability RMSEA <= .05           0.082

CFI/TLI

          CFI                                0.990
          TLI                                0.970

Chi-Square Test of Model Fit for the Baseline Model

          Value                           1984.147
          Degrees of Freedom                    36
          P-Value                           0.0000

SRMR (Standardized Root Mean Square Residual)

          Value                              0.038



MINIMUM ROTATION FUNCTION VALUE       0.24296



           GEOMIN ROTATED LOADINGS (* significant at 5% level)
                  1             2             3
              ________      ________      ________
 BISB           0.015         0.594*        0.226*
 BSSS8          1.148*        0.012         0.013
 BSSS_ES        0.646*        0.162*       -0.052
 BSSS_BS        0.573*        0.136*        0.006
 BSSS_TS        0.652*       -0.022         0.015
 BSSS_SD        0.582*       -0.015         0.292*
 ATTNPROB       0.000         0.977*       -0.009
 MAGGR         -0.014*        0.558*        0.484*
 MCONDUCT       0.005*        0.479*        0.779*


           GEOMIN FACTOR CORRELATIONS (* significant at 5% level)
                  1             2             3
              ________      ________      ________
      1         1.000
      2         0.261*        1.000
      3         0.260*        0.043         1.000


           ESTIMATED RESIDUAL VARIANCES
              BISB          BSSS8         BSSS_ES       BSSS_BS       BSSS_TS
              ________      ________      ________      ________      ________
                0.578        -0.332         0.518         0.611         0.576


           ESTIMATED RESIDUAL VARIANCES
              BSSS_SD       ATTNPROB      MAGGR         MCONDUCT
              ________      ________      ________      ________
                0.493         0.046         0.439         0.127


           S.E. GEOMIN ROTATED LOADINGS
                  1             2             3
              ________      ________      ________
 BISB           0.009         0.081         0.105
 BSSS8          0.023         0.016         0.042
 BSSS_ES        0.032         0.043         0.046
 BSSS_BS        0.030         0.061         0.050
 BSSS_TS        0.033         0.045         0.051
 BSSS_SD        0.036         0.009         0.061
 ATTNPROB       0.008         0.107         0.012
 MAGGR          0.006         0.098         0.073
 MCONDUCT       0.003         0.116         0.070


           S.E. GEOMIN FACTOR CORRELATIONS
                  1             2             3
              ________      ________      ________
      1         0.000
      2         0.080         0.000
      3         0.113         0.139         0.000


           S.E. ESTIMATED RESIDUAL VARIANCES
              BISB          BSSS8         BSSS_ES       BSSS_BS       BSSS_TS
              ________      ________      ________      ________      ________
                0.060         0.048         0.036         0.037         0.039


           S.E. ESTIMATED RESIDUAL VARIANCES
              BSSS_SD       ATTNPROB      MAGGR         MCONDUCT
              ________      ________      ________      ________
                0.038         0.207         0.048         0.089


           Est./S.E. GEOMIN ROTATED LOADINGS
                  1             2             3
              ________      ________      ________
 BISB           1.595         7.343         2.147
 BSSS8         49.390         0.727         0.302
 BSSS_ES       20.058         3.776        -1.149
 BSSS_BS       19.297         2.243         0.112
 BSSS_TS       19.515        -0.475         0.289
 BSSS_SD       16.124        -1.601         4.764
 ATTNPROB      -0.018         9.097        -0.736
 MAGGR         -2.201         5.690         6.624
 MCONDUCT       2.114         4.129        11.205


           Est./S.E. GEOMIN FACTOR CORRELATIONS
                  1             2             3
              ________      ________      ________
      1         0.000
      2         3.247         0.000
      3         2.302         0.306         0.000


           Est./S.E. ESTIMATED RESIDUAL VARIANCES
              BISB          BSSS8         BSSS_ES       BSSS_BS       BSSS_TS
              ________      ________      ________      ________      ________
                9.652        -6.896        14.402        16.637        14.682


           Est./S.E. ESTIMATED RESIDUAL VARIANCES
              BSSS_SD       ATTNPROB      MAGGR         MCONDUCT
              ________      ________      ________      ________
               12.865         0.224         9.102         1.437


           FACTOR STRUCTURE
                  1             2             3
              ________      ________      ________
 BISB           0.228         0.608         0.255
 BSSS8          1.154         0.311         0.311
 BSSS_ES        0.674         0.328         0.122
 BSSS_BS        0.610         0.286         0.160
 BSSS_TS        0.650         0.149         0.183
 BSSS_SD        0.654         0.150         0.442
 ATTNPROB       0.252         0.977         0.033
 MAGGR          0.257         0.575         0.505
 MCONDUCT       0.333         0.514         0.801


MODIFICATION INDICES


     MODIFICATION INDICES FOR ANALYSIS WITH 1 FACTOR(S)



     MODIFICATION INDICES


           THETA
              BISB          BSSS8         BSSS_ES       BSSS_BS       BSSS_TS
              ________      ________      ________      ________      ________
 BISB           0.000
 BSSS8         34.357         0.000
 BSSS_ES       18.004         3.736         0.000
 BSSS_BS       22.414         1.173         2.908         0.000
 BSSS_TS        9.284         0.204         3.974         2.574         0.000
 BSSS_SD       27.366         6.477         2.279         6.235         0.192
 ATTNPROB      92.691        21.284        25.005        18.120         4.420
 MAGGR         54.854        25.407        12.956        16.330         6.091
 MCONDUCT      60.318        31.824        13.146        14.577         8.961


           THETA
              BSSS_SD       ATTNPROB      MAGGR         MCONDUCT
              ________      ________      ________      ________
 BSSS_SD        0.000
 ATTNPROB       4.285         0.000
 MAGGR         17.371        82.064         0.000
 MCONDUCT      39.370        64.570       120.966         0.000


     EXPECTED PARAMETER CHANGE


           THETA
              BISB          BSSS8         BSSS_ES       BSSS_BS       BSSS_TS
              ________      ________      ________      ________      ________
 BISB           0.000
 BSSS8         -0.120         0.000
 BSSS_ES        0.140        -0.082         0.000
 BSSS_BS        0.185         0.038         0.056         0.000
 BSSS_TS        0.107        -0.018         0.063        -0.055         0.000
 BSSS_SD        0.179         0.103        -0.048        -0.084        -0.014
 ATTNPROB       0.589        -0.094         0.165         0.166         0.074
 MAGGR          0.453        -0.103         0.119         0.158         0.086
 MCONDUCT       0.474        -0.116         0.120         0.149         0.105


           THETA
              BSSS_SD       ATTNPROB      MAGGR         MCONDUCT
              ________      ________      ________      ________
 BSSS_SD        0.000
 ATTNPROB       0.071         0.000
 MAGGR          0.143         0.554         0.000
 MCONDUCT       0.215         0.490         0.671         0.000


     MODIFICATION INDICES FOR ANALYSIS WITH 2 FACTOR(S)



     MODIFICATION INDICES


           THETA
              BISB          BSSS8         BSSS_ES       BSSS_BS       BSSS_TS
              ________      ________      ________      ________      ________
 BISB           0.000
 BSSS8          4.961         0.000
 BSSS_ES        1.482         3.735         0.000
 BSSS_BS        3.398         1.730         2.761         0.000
 BSSS_TS        1.260         2.004         6.739         1.212         0.000
 BSSS_SD        4.587         7.596         2.410         7.939         0.025
 ATTNPROB      24.830         0.365         4.128         0.428         0.470
 MAGGR         12.789         5.864         4.256         1.560         1.914
 MCONDUCT       5.154         1.942         0.357         0.213         0.879


           THETA
              BSSS_SD       ATTNPROB      MAGGR         MCONDUCT
              ________      ________      ________      ________
 BSSS_SD        0.000
 ATTNPROB      13.517         0.000
 MAGGR          3.752         0.001         0.000
 MCONDUCT      16.003        15.790        25.583         0.000


     EXPECTED PARAMETER CHANGE


           THETA
              BISB          BSSS8         BSSS_ES       BSSS_BS       BSSS_TS
              ________      ________      ________      ________      ________
 BISB           0.000
 BSSS8         -0.048         0.000
 BSSS_ES        0.036        -0.095         0.000
 BSSS_BS        0.063         0.053         0.057         0.000
 BSSS_TS        0.035        -0.069         0.089        -0.040         0.000
 BSSS_SD        0.066         0.126        -0.051        -0.097         0.005
 ATTNPROB       0.217         0.013         0.059         0.022        -0.021
 MAGGR         -0.161         0.050        -0.058        -0.040        -0.041
 MCONDUCT      -0.102        -0.028        -0.016        -0.015         0.027


           THETA
              BSSS_SD       ATTNPROB      MAGGR         MCONDUCT
              ________      ________      ________      ________
 BSSS_SD        0.000
 ATTNPROB      -0.110         0.000
 MAGGR         -0.056        -0.001         0.000
 MCONDUCT       0.114        -0.187         0.267         0.000


     MODIFICATION INDICES FOR ANALYSIS WITH 3 FACTOR(S)



     MODIFICATION INDICES


           THETA
              BISB          BSSS8         BSSS_ES       BSSS_BS       BSSS_TS
              ________      ________      ________      ________      ________
 BISB           0.000
 BSSS8          7.975         0.000
 BSSS_ES        1.374         5.735         0.000
 BSSS_BS        4.845         2.416         1.748         0.000
 BSSS_TS        2.224         0.724         6.033         2.188         0.000
 BSSS_SD       14.543         4.368         0.420         6.415         0.028
 ATTNPROB       4.183         5.908         0.772        10.017         1.564
 MAGGR          0.054         1.635         0.787         0.006         0.639
 MCONDUCT       6.069         0.288         0.340         0.151         0.155


           THETA
              BSSS_SD       ATTNPROB      MAGGR         MCONDUCT
              ________      ________      ________      ________
 BSSS_SD        0.000
 ATTNPROB       4.017         0.000
 MAGGR          6.452         0.154         0.000
 MCONDUCT       0.001         1.012        15.180         0.000


     EXPECTED PARAMETER CHANGE


           THETA
              BISB          BSSS8         BSSS_ES       BSSS_BS       BSSS_TS
              ________      ________      ________      ________      ________
 BISB           0.000
 BSSS8         -0.053         0.000
 BSSS_ES        0.034        -0.110         0.000
 BSSS_BS        0.071         0.059         0.044         0.000
 BSSS_TS        0.043        -0.039         0.080        -0.052         0.000
 BSSS_SD        0.114         0.085        -0.020        -0.083        -0.005
 ATTNPROB       0.365         0.088        -0.047        -0.177        -0.060
 MAGGR         -0.012         0.025        -0.022         0.002        -0.022
 MCONDUCT      -0.147        -0.015         0.021         0.016         0.015


           THETA
              BSSS_SD       ATTNPROB      MAGGR         MCONDUCT
              ________      ________      ________      ________
 BSSS_SD        0.000
 ATTNPROB      -0.138         0.000
 MAGGR         -0.104        -0.033         0.000
 MCONDUCT      -0.003         0.110         0.706         0.000


     Beginning Time:  21:00:43
        Ending Time:  21:00:43
       Elapsed Time:  00:00:00



MUTHEN & MUTHEN
3463 Stoner Ave.
Los Angeles, CA  90066

Tel: (310) 391-9971
Fax: (310) 391-8971
Web: www.StatModel.com
Support: Support@StatModel.com

Copyright (c) 1998-2022 Muthen & Muthen
